This is pdfTeX, Version 3.14159265-2.6-1.40.19 (TeX Live 2019/dev/Debian) (preloaded format=pdflatex 2019.8.28)  24 JAN 2020 13:06
entering extended mode
 restricted \write18 enabled.
 %&-line parsing enabled.
**features_to_extract.tex
(./features_to_extract.tex
LaTeX2e <2018-12-01>
(/usr/share/texlive/texmf-dist/tex/latex/base/article.cls
Document Class: article 2018/09/03 v1.4i Standard LaTeX document class
(/usr/share/texlive/texmf-dist/tex/latex/base/size12.clo
File: size12.clo 2018/09/03 v1.4i Standard LaTeX file (size option)
)
\c@part=\count80
\c@section=\count81
\c@subsection=\count82
\c@subsubsection=\count83
\c@paragraph=\count84
\c@subparagraph=\count85
\c@figure=\count86
\c@table=\count87
\abovecaptionskip=\skip41
\belowcaptionskip=\skip42
\bibindent=\dimen102
)
(/usr/share/texlive/texmf-dist/tex/latex/t2/mathtext.sty
Package: mathtext 2018/04/14 v1.0 transparent text-and-math defs
LaTeX Info: Redefining \halign on input line 121.
)
(/usr/share/texlive/texmf-dist/tex/generic/babel/babel.sty
Package: babel 2018/11/13 3.27 The Babel package

(/usr/share/texlive/texmf-dist/tex/generic/babel/switch.def
File: switch.def 2018/11/13 3.27 Babel switching mechanism
)
(/usr/share/texlive/texmf-dist/tex/generic/babel-english/english.ldf
Language: english 2017/06/06 v3.3r English support from the babel system

(/usr/share/texlive/texmf-dist/tex/generic/babel/babel.def
File: babel.def 2018/11/13 3.27 Babel common definitions
\babel@savecnt=\count88
\U@D=\dimen103

(/usr/share/texlive/texmf-dist/tex/generic/babel/txtbabel.def)
\bbl@dirlevel=\count89
)
\l@canadian = a dialect from \language\l@american 
\l@australian = a dialect from \language\l@british 
\l@newzealand = a dialect from \language\l@british 
)
(/usr/share/texlive/texmf-dist/tex/generic/babel-russian/russianb.ldf
Language: russian 2017/08/12 1.3j Russian support for the Babel system


Package babel Warning: No Cyrillic font encoding has been loaded so far.
(babel)                A font encoding should be declared before babel.
(babel)                Default `T2A' encoding will be loaded  on input line 74.


(/usr/share/texlive/texmf-dist/tex/latex/cyrillic/t2aenc.def
File: t2aenc.def 2005/09/27 v1.0i Cyrillic encoding definition file
Now handling font encoding T2A ...
... processing UTF-8 mapping file for font encoding T2A

(/usr/share/texlive/texmf-dist/tex/latex/base/t2aenc.dfu
File: t2aenc.dfu 2018/10/05 v1.2f UTF-8 support for inputenc
   defining Unicode char U+00A4 (decimal 164)
   defining Unicode char U+00A7 (decimal 167)
   defining Unicode char U+00AB (decimal 171)
   defining Unicode char U+00BB (decimal 187)
   defining Unicode char U+0131 (decimal 305)
   defining Unicode char U+0237 (decimal 567)
   defining Unicode char U+0400 (decimal 1024)
   defining Unicode char U+0401 (decimal 1025)
   defining Unicode char U+0402 (decimal 1026)
   defining Unicode char U+0403 (decimal 1027)
   defining Unicode char U+0404 (decimal 1028)
   defining Unicode char U+0405 (decimal 1029)
   defining Unicode char U+0406 (decimal 1030)
   defining Unicode char U+0407 (decimal 1031)
   defining Unicode char U+0408 (decimal 1032)
   defining Unicode char U+0409 (decimal 1033)
   defining Unicode char U+040A (decimal 1034)
   defining Unicode char U+040B (decimal 1035)
   defining Unicode char U+040C (decimal 1036)
   defining Unicode char U+040D (decimal 1037)
   defining Unicode char U+040E (decimal 1038)
   defining Unicode char U+040F (decimal 1039)
   defining Unicode char U+0410 (decimal 1040)
   defining Unicode char U+0411 (decimal 1041)
   defining Unicode char U+0412 (decimal 1042)
   defining Unicode char U+0413 (decimal 1043)
   defining Unicode char U+0414 (decimal 1044)
   defining Unicode char U+0415 (decimal 1045)
   defining Unicode char U+0416 (decimal 1046)
   defining Unicode char U+0417 (decimal 1047)
   defining Unicode char U+0418 (decimal 1048)
   defining Unicode char U+0419 (decimal 1049)
   defining Unicode char U+041A (decimal 1050)
   defining Unicode char U+041B (decimal 1051)
   defining Unicode char U+041C (decimal 1052)
   defining Unicode char U+041D (decimal 1053)
   defining Unicode char U+041E (decimal 1054)
   defining Unicode char U+041F (decimal 1055)
   defining Unicode char U+0420 (decimal 1056)
   defining Unicode char U+0421 (decimal 1057)
   defining Unicode char U+0422 (decimal 1058)
   defining Unicode char U+0423 (decimal 1059)
   defining Unicode char U+0424 (decimal 1060)
   defining Unicode char U+0425 (decimal 1061)
   defining Unicode char U+0426 (decimal 1062)
   defining Unicode char U+0427 (decimal 1063)
   defining Unicode char U+0428 (decimal 1064)
   defining Unicode char U+0429 (decimal 1065)
   defining Unicode char U+042A (decimal 1066)
   defining Unicode char U+042B (decimal 1067)
   defining Unicode char U+042C (decimal 1068)
   defining Unicode char U+042D (decimal 1069)
   defining Unicode char U+042E (decimal 1070)
   defining Unicode char U+042F (decimal 1071)
   defining Unicode char U+0430 (decimal 1072)
   defining Unicode char U+0431 (decimal 1073)
   defining Unicode char U+0432 (decimal 1074)
   defining Unicode char U+0433 (decimal 1075)
   defining Unicode char U+0434 (decimal 1076)
   defining Unicode char U+0435 (decimal 1077)
   defining Unicode char U+0436 (decimal 1078)
   defining Unicode char U+0437 (decimal 1079)
   defining Unicode char U+0438 (decimal 1080)
   defining Unicode char U+0439 (decimal 1081)
   defining Unicode char U+043A (decimal 1082)
   defining Unicode char U+043B (decimal 1083)
   defining Unicode char U+043C (decimal 1084)
   defining Unicode char U+043D (decimal 1085)
   defining Unicode char U+043E (decimal 1086)
   defining Unicode char U+043F (decimal 1087)
   defining Unicode char U+0440 (decimal 1088)
   defining Unicode char U+0441 (decimal 1089)
   defining Unicode char U+0442 (decimal 1090)
   defining Unicode char U+0443 (decimal 1091)
   defining Unicode char U+0444 (decimal 1092)
   defining Unicode char U+0445 (decimal 1093)
   defining Unicode char U+0446 (decimal 1094)
   defining Unicode char U+0447 (decimal 1095)
   defining Unicode char U+0448 (decimal 1096)
   defining Unicode char U+0449 (decimal 1097)
   defining Unicode char U+044A (decimal 1098)
   defining Unicode char U+044B (decimal 1099)
   defining Unicode char U+044C (decimal 1100)
   defining Unicode char U+044D (decimal 1101)
   defining Unicode char U+044E (decimal 1102)
   defining Unicode char U+044F (decimal 1103)
   defining Unicode char U+0450 (decimal 1104)
   defining Unicode char U+0451 (decimal 1105)
   defining Unicode char U+0452 (decimal 1106)
   defining Unicode char U+0453 (decimal 1107)
   defining Unicode char U+0454 (decimal 1108)
   defining Unicode char U+0455 (decimal 1109)
   defining Unicode char U+0456 (decimal 1110)
   defining Unicode char U+0457 (decimal 1111)
   defining Unicode char U+0458 (decimal 1112)
   defining Unicode char U+0459 (decimal 1113)
   defining Unicode char U+045A (decimal 1114)
   defining Unicode char U+045B (decimal 1115)
   defining Unicode char U+045C (decimal 1116)
   defining Unicode char U+045D (decimal 1117)
   defining Unicode char U+045E (decimal 1118)
   defining Unicode char U+045F (decimal 1119)
   defining Unicode char U+0490 (decimal 1168)
   defining Unicode char U+0491 (decimal 1169)
   defining Unicode char U+0492 (decimal 1170)
   defining Unicode char U+0493 (decimal 1171)
   defining Unicode char U+0496 (decimal 1174)
   defining Unicode char U+0497 (decimal 1175)
   defining Unicode char U+0498 (decimal 1176)
   defining Unicode char U+0499 (decimal 1177)
   defining Unicode char U+049A (decimal 1178)
   defining Unicode char U+049B (decimal 1179)
   defining Unicode char U+049C (decimal 1180)
   defining Unicode char U+049D (decimal 1181)
   defining Unicode char U+04A0 (decimal 1184)
   defining Unicode char U+04A1 (decimal 1185)
   defining Unicode char U+04A2 (decimal 1186)
   defining Unicode char U+04A3 (decimal 1187)
   defining Unicode char U+04A4 (decimal 1188)
   defining Unicode char U+04A5 (decimal 1189)
   defining Unicode char U+04AA (decimal 1194)
   defining Unicode char U+04AB (decimal 1195)
   defining Unicode char U+04AE (decimal 1198)
   defining Unicode char U+04AF (decimal 1199)
   defining Unicode char U+04B0 (decimal 1200)
   defining Unicode char U+04B1 (decimal 1201)
   defining Unicode char U+04B2 (decimal 1202)
   defining Unicode char U+04B3 (decimal 1203)
   defining Unicode char U+04B6 (decimal 1206)
   defining Unicode char U+04B7 (decimal 1207)
   defining Unicode char U+04B8 (decimal 1208)
   defining Unicode char U+04B9 (decimal 1209)
   defining Unicode char U+04BA (decimal 1210)
   defining Unicode char U+04BB (decimal 1211)
   defining Unicode char U+04C0 (decimal 1216)
   defining Unicode char U+04C1 (decimal 1217)
   defining Unicode char U+04C2 (decimal 1218)
   defining Unicode char U+04D0 (decimal 1232)
   defining Unicode char U+04D1 (decimal 1233)
   defining Unicode char U+04D2 (decimal 1234)
   defining Unicode char U+04D3 (decimal 1235)
   defining Unicode char U+04D4 (decimal 1236)
   defining Unicode char U+04D5 (decimal 1237)
   defining Unicode char U+04D6 (decimal 1238)
   defining Unicode char U+04D7 (decimal 1239)
   defining Unicode char U+04D8 (decimal 1240)
   defining Unicode char U+04D9 (decimal 1241)
   defining Unicode char U+04DA (decimal 1242)
   defining Unicode char U+04DB (decimal 1243)
   defining Unicode char U+04DC (decimal 1244)
   defining Unicode char U+04DD (decimal 1245)
   defining Unicode char U+04DE (decimal 1246)
   defining Unicode char U+04DF (decimal 1247)
   defining Unicode char U+04E2 (decimal 1250)
   defining Unicode char U+04E3 (decimal 1251)
   defining Unicode char U+04E4 (decimal 1252)
   defining Unicode char U+04E5 (decimal 1253)
   defining Unicode char U+04E6 (decimal 1254)
   defining Unicode char U+04E7 (decimal 1255)
   defining Unicode char U+04E8 (decimal 1256)
   defining Unicode char U+04E9 (decimal 1257)
   defining Unicode char U+04EC (decimal 1260)
   defining Unicode char U+04ED (decimal 1261)
   defining Unicode char U+04EE (decimal 1262)
   defining Unicode char U+04EF (decimal 1263)
   defining Unicode char U+04F0 (decimal 1264)
   defining Unicode char U+04F1 (decimal 1265)
   defining Unicode char U+04F2 (decimal 1266)
   defining Unicode char U+04F3 (decimal 1267)
   defining Unicode char U+04F4 (decimal 1268)
   defining Unicode char U+04F5 (decimal 1269)
   defining Unicode char U+04F8 (decimal 1272)
   defining Unicode char U+04F9 (decimal 1273)
   defining Unicode char U+200C (decimal 8204)
   defining Unicode char U+2013 (decimal 8211)
   defining Unicode char U+2014 (decimal 8212)
   defining Unicode char U+2018 (decimal 8216)
   defining Unicode char U+2019 (decimal 8217)
   defining Unicode char U+201C (decimal 8220)
   defining Unicode char U+201D (decimal 8221)
   defining Unicode char U+201E (decimal 8222)
   defining Unicode char U+2030 (decimal 8240)
   defining Unicode char U+2031 (decimal 8241)
   defining Unicode char U+2116 (decimal 8470)
   defining Unicode char U+2329 (decimal 9001)
   defining Unicode char U+232A (decimal 9002)
   defining Unicode char U+2423 (decimal 9251)
)
\symT2Aletters=\mathgroup4
)
Package babel Info: Making " an active character on input line 120.
Package babel Info: Default for \cyrdash is provided on input line 157.
))
(/usr/share/texlive/texmf-dist/tex/latex/base/fontenc.sty
Package: fontenc 2018/08/11 v2.0j Standard LaTeX package

(/usr/share/texlive/texmf-dist/tex/latex/cyrillic/t2aenc.def
File: t2aenc.def 2005/09/27 v1.0i Cyrillic encoding definition file
LaTeX Font Info:    Redeclaring font encoding T2A on input line 42.
LaTeX Font Info:    Redeclaring symbol font `T2Aletters' on input line 42.
LaTeX Font Info:    Overwriting symbol font `T2Aletters' in version `normal'
(Font)                  T2A/cmr/m/n --> T2A/cmr/m/n on input line 42.
LaTeX Font Info:    Overwriting symbol font `T2Aletters' in version `bold'
(Font)                  T2A/cmr/m/n --> T2A/cmr/m/n on input line 42.
LaTeX Font Info:    Redeclaring math symbol \T2Amath\textendash on input line 7
4.
LaTeX Font Info:    Redeclaring math symbol \T2Amath\cyrdash on input line 75.
LaTeX Font Info:    Redeclaring math symbol \T2Amath\textemdash on input line 7
6.
LaTeX Font Info:    Redeclaring math symbol \T2Amath\textcompwordmark on input 
line 77.
LaTeX Font Info:    Redeclaring math symbol \T2Amath\textvisiblespace on input 
line 78.
LaTeX Font Info:    Redeclaring math symbol \T2Amath\textdollar on input line 7
9.
LaTeX Font Info:    Redeclaring math symbol \T2Amath\textless on input line 80.

LaTeX Font Info:    Redeclaring math symbol \T2Amath\textgreater on input line 
81.
LaTeX Font Info:    Redeclaring math symbol \T2Amath\textbackslash on input lin
e 82.
LaTeX Font Info:    Redeclaring math symbol \T2Amath\textasciicircum on input l
ine 83.
LaTeX Font Info:    Redeclaring math symbol \T2Amath\textunderscore on input li
ne 84.
LaTeX Font Info:    Redeclaring math symbol \T2Amath\textbraceleft on input lin
e 85.
LaTeX Font Info:    Redeclaring math symbol \T2Amath\textbar on input line 86.
LaTeX Font Info:    Redeclaring math symbol \T2Amath\textbraceright on input li
ne 87.
LaTeX Font Info:    Redeclaring math symbol \T2Amath\textasciitilde on input li
ne 88.
LaTeX Font Info:    Redeclaring math symbol \T2Amath\textnumero on input line 8
9.
LaTeX Font Info:    Redeclaring math symbol \T2Amath\textcurrency on input line
 90.
LaTeX Font Info:    Redeclaring math symbol \T2Amath\textsection on input line 
91.
LaTeX Font Info:    Redeclaring math symbol \T2Amath\textquotedbl on input line
 92.
LaTeX Font Info:    Redeclaring math symbol \T2Amath\textquoteleft on input lin
e 93.
LaTeX Font Info:    Redeclaring math symbol \T2Amath\textquoteright on input li
ne 94.
LaTeX Font Info:    Redeclaring math symbol \T2Amath\textquotedblleft on input 
line 95.
LaTeX Font Info:    Redeclaring math symbol \T2Amath\textquotedblright on input
 line 96.
LaTeX Font Info:    Redeclaring math symbol \T2Amath\quotedblbase on input line
 97.
LaTeX Font Info:    Redeclaring math symbol \T2Amath\CYRpalochka on input line 
98.
LaTeX Font Info:    Redeclaring math symbol \T2Amath\cyrlangle on input line 99
.
LaTeX Font Info:    Redeclaring math symbol \T2Amath\cyrrangle on input line 10
0.
LaTeX Font Info:    Redeclaring math symbol \T2Amath\guillemotleft on input lin
e 101.
LaTeX Font Info:    Redeclaring math symbol \T2Amath\guillemotright on input li
ne 102.
LaTeX Font Info:    Redeclaring math symbol \T2Amath\i on input line 103.
LaTeX Font Info:    Redeclaring math symbol \T2Amath\j on input line 104.
LaTeX Font Info:    Redeclaring math symbol \T2Amath\CYRA on input line 106.
LaTeX Font Info:    Redeclaring math symbol \T2Amath\cyra on input line 107.
LaTeX Font Info:    Redeclaring math symbol \T2Amath\CYRB on input line 108.
LaTeX Font Info:    Redeclaring math symbol \T2Amath\cyrb on input line 109.
LaTeX Font Info:    Redeclaring math symbol \T2Amath\CYRV on input line 110.
LaTeX Font Info:    Redeclaring math symbol \T2Amath\cyrv on input line 111.
LaTeX Font Info:    Redeclaring math symbol \T2Amath\CYRG on input line 112.
LaTeX Font Info:    Redeclaring math symbol \T2Amath\cyrg on input line 113.
LaTeX Font Info:    Redeclaring math symbol \T2Amath\CYRD on input line 114.
LaTeX Font Info:    Redeclaring math symbol \T2Amath\cyrd on input line 115.
LaTeX Font Info:    Redeclaring math symbol \T2Amath\CYRE on input line 116.
LaTeX Font Info:    Redeclaring math symbol \T2Amath\cyre on input line 117.
LaTeX Font Info:    Redeclaring math symbol \T2Amath\CYRZH on input line 118.
LaTeX Font Info:    Redeclaring math symbol \T2Amath\cyrzh on input line 119.
LaTeX Font Info:    Redeclaring math symbol \T2Amath\CYRZ on input line 120.
LaTeX Font Info:    Redeclaring math symbol \T2Amath\cyrz on input line 121.
LaTeX Font Info:    Redeclaring math symbol \T2Amath\CYRI on input line 122.
LaTeX Font Info:    Redeclaring math symbol \T2Amath\cyri on input line 123.
LaTeX Font Info:    Redeclaring math symbol \T2Amath\CYRISHRT on input line 124
.
LaTeX Font Info:    Redeclaring math symbol \T2Amath\cyrishrt on input line 125
.
LaTeX Font Info:    Redeclaring math symbol \T2Amath\CYRK on input line 126.
LaTeX Font Info:    Redeclaring math symbol \T2Amath\cyrk on input line 127.
LaTeX Font Info:    Redeclaring math symbol \T2Amath\CYRL on input line 128.
LaTeX Font Info:    Redeclaring math symbol \T2Amath\cyrl on input line 129.
LaTeX Font Info:    Redeclaring math symbol \T2Amath\CYRM on input line 130.
LaTeX Font Info:    Redeclaring math symbol \T2Amath\cyrm on input line 131.
LaTeX Font Info:    Redeclaring math symbol \T2Amath\CYRN on input line 132.
LaTeX Font Info:    Redeclaring math symbol \T2Amath\cyrn on input line 133.
LaTeX Font Info:    Redeclaring math symbol \T2Amath\CYRO on input line 134.
LaTeX Font Info:    Redeclaring math symbol \T2Amath\cyro on input line 135.
LaTeX Font Info:    Redeclaring math symbol \T2Amath\CYRP on input line 136.
LaTeX Font Info:    Redeclaring math symbol \T2Amath\cyrp on input line 137.
LaTeX Font Info:    Redeclaring math symbol \T2Amath\CYRR on input line 138.
LaTeX Font Info:    Redeclaring math symbol \T2Amath\cyrr on input line 139.
LaTeX Font Info:    Redeclaring math symbol \T2Amath\CYRS on input line 140.
LaTeX Font Info:    Redeclaring math symbol \T2Amath\cyrs on input line 141.
LaTeX Font Info:    Redeclaring math symbol \T2Amath\CYRT on input line 142.
LaTeX Font Info:    Redeclaring math symbol \T2Amath\cyrt on input line 143.
LaTeX Font Info:    Redeclaring math symbol \T2Amath\CYRU on input line 144.
LaTeX Font Info:    Redeclaring math symbol \T2Amath\cyru on input line 145.
LaTeX Font Info:    Redeclaring math symbol \T2Amath\CYRF on input line 146.
LaTeX Font Info:    Redeclaring math symbol \T2Amath\cyrf on input line 147.
LaTeX Font Info:    Redeclaring math symbol \T2Amath\CYRH on input line 148.
LaTeX Font Info:    Redeclaring math symbol \T2Amath\cyrh on input line 149.
LaTeX Font Info:    Redeclaring math symbol \T2Amath\CYRC on input line 150.
LaTeX Font Info:    Redeclaring math symbol \T2Amath\cyrc on input line 151.
LaTeX Font Info:    Redeclaring math symbol \T2Amath\CYRCH on input line 152.
LaTeX Font Info:    Redeclaring math symbol \T2Amath\cyrch on input line 153.
LaTeX Font Info:    Redeclaring math symbol \T2Amath\CYRSH on input line 154.
LaTeX Font Info:    Redeclaring math symbol \T2Amath\cyrsh on input line 155.
LaTeX Font Info:    Redeclaring math symbol \T2Amath\CYRSHCH on input line 156.

LaTeX Font Info:    Redeclaring math symbol \T2Amath\cyrshch on input line 157.

LaTeX Font Info:    Redeclaring math symbol \T2Amath\CYRHRDSN on input line 158
.
LaTeX Font Info:    Redeclaring math symbol \T2Amath\cyrhrdsn on input line 159
.
LaTeX Font Info:    Redeclaring math symbol \T2Amath\CYRERY on input line 160.
LaTeX Font Info:    Redeclaring math symbol \T2Amath\cyrery on input line 161.
LaTeX Font Info:    Redeclaring math symbol \T2Amath\CYRSFTSN on input line 162
.
LaTeX Font Info:    Redeclaring math symbol \T2Amath\cyrsftsn on input line 163
.
LaTeX Font Info:    Redeclaring math symbol \T2Amath\CYREREV on input line 164.

LaTeX Font Info:    Redeclaring math symbol \T2Amath\cyrerev on input line 165.

LaTeX Font Info:    Redeclaring math symbol \T2Amath\CYRYU on input line 166.
LaTeX Font Info:    Redeclaring math symbol \T2Amath\cyryu on input line 167.
LaTeX Font Info:    Redeclaring math symbol \T2Amath\CYRYA on input line 168.
LaTeX Font Info:    Redeclaring math symbol \T2Amath\cyrya on input line 169.
LaTeX Font Info:    Redeclaring math symbol \T2Amath\CYRGUP on input line 170.
LaTeX Font Info:    Redeclaring math symbol \T2Amath\cyrgup on input line 171.
LaTeX Font Info:    Redeclaring math symbol \T2Amath\CYRGHCRS on input line 172
.
LaTeX Font Info:    Redeclaring math symbol \T2Amath\cyrghcrs on input line 173
.
LaTeX Font Info:    Redeclaring math symbol \T2Amath\CYRDJE on input line 174.
LaTeX Font Info:    Redeclaring math symbol \T2Amath\cyrdje on input line 175.
LaTeX Font Info:    Redeclaring math symbol \T2Amath\CYRTSHE on input line 176.

LaTeX Font Info:    Redeclaring math symbol \T2Amath\cyrtshe on input line 177.

LaTeX Font Info:    Redeclaring math symbol \T2Amath\CYRSHHA on input line 178.

LaTeX Font Info:    Redeclaring math symbol \T2Amath\cyrshha on input line 179.

LaTeX Font Info:    Redeclaring math symbol \T2Amath\CYRZHDSC on input line 180
.
LaTeX Font Info:    Redeclaring math symbol \T2Amath\cyrzhdsc on input line 181
.
LaTeX Font Info:    Redeclaring math symbol \T2Amath\CYRZDSC on input line 182.

LaTeX Font Info:    Redeclaring math symbol \T2Amath\cyrzdsc on input line 183.

LaTeX Font Info:    Redeclaring math symbol \T2Amath\CYRLJE on input line 184.
LaTeX Font Info:    Redeclaring math symbol \T2Amath\cyrlje on input line 185.
LaTeX Font Info:    Redeclaring math symbol \T2Amath\CYRYI on input line 186.
LaTeX Font Info:    Redeclaring math symbol \T2Amath\cyryi on input line 187.
LaTeX Font Info:    Redeclaring math symbol \T2Amath\CYRKDSC on input line 188.

LaTeX Font Info:    Redeclaring math symbol \T2Amath\cyrkdsc on input line 189.

LaTeX Font Info:    Redeclaring math symbol \T2Amath\CYRKBEAK on input line 190
.
LaTeX Font Info:    Redeclaring math symbol \T2Amath\cyrkbeak on input line 191
.
LaTeX Font Info:    Redeclaring math symbol \T2Amath\CYRKVCRS on input line 192
.
LaTeX Font Info:    Redeclaring math symbol \T2Amath\cyrkvcrs on input line 193
.
LaTeX Font Info:    Redeclaring math symbol \T2Amath\CYRAE on input line 194.
LaTeX Font Info:    Redeclaring math symbol \T2Amath\cyrae on input line 195.
LaTeX Font Info:    Redeclaring math symbol \T2Amath\CYRNDSC on input line 196.

LaTeX Font Info:    Redeclaring math symbol \T2Amath\cyrndsc on input line 197.

LaTeX Font Info:    Redeclaring math symbol \T2Amath\CYRNG on input line 198.
LaTeX Font Info:    Redeclaring math symbol \T2Amath\cyrng on input line 199.
LaTeX Font Info:    Redeclaring math symbol \T2Amath\CYRDZE on input line 200.
LaTeX Font Info:    Redeclaring math symbol \T2Amath\cyrdze on input line 201.
LaTeX Font Info:    Redeclaring math symbol \T2Amath\CYROTLD on input line 202.

LaTeX Font Info:    Redeclaring math symbol \T2Amath\cyrotld on input line 203.

LaTeX Font Info:    Redeclaring math symbol \T2Amath\CYRSDSC on input line 204.

LaTeX Font Info:    Redeclaring math symbol \T2Amath\cyrsdsc on input line 205.

LaTeX Font Info:    Redeclaring math symbol \T2Amath\CYRUSHRT on input line 206
.
LaTeX Font Info:    Redeclaring math symbol \T2Amath\cyrushrt on input line 207
.
LaTeX Font Info:    Redeclaring math symbol \T2Amath\CYRY on input line 208.
LaTeX Font Info:    Redeclaring math symbol \T2Amath\cyry on input line 209.
LaTeX Font Info:    Redeclaring math symbol \T2Amath\CYRYHCRS on input line 210
.
LaTeX Font Info:    Redeclaring math symbol \T2Amath\cyryhcrs on input line 211
.
LaTeX Font Info:    Redeclaring math symbol \T2Amath\CYRHDSC on input line 212.

LaTeX Font Info:    Redeclaring math symbol \T2Amath\cyrhdsc on input line 213.

LaTeX Font Info:    Redeclaring math symbol \T2Amath\CYRDZHE on input line 214.

LaTeX Font Info:    Redeclaring math symbol \T2Amath\cyrdzhe on input line 215.

LaTeX Font Info:    Redeclaring math symbol \T2Amath\CYRCHVCRS on input line 21
6.
LaTeX Font Info:    Redeclaring math symbol \T2Amath\cyrchvcrs on input line 21
7.
LaTeX Font Info:    Redeclaring math symbol \T2Amath\CYRCHRDSC on input line 21
8.
LaTeX Font Info:    Redeclaring math symbol \T2Amath\cyrchrdsc on input line 21
9.
LaTeX Font Info:    Redeclaring math symbol \T2Amath\CYRIE on input line 220.
LaTeX Font Info:    Redeclaring math symbol \T2Amath\cyrie on input line 221.
LaTeX Font Info:    Redeclaring math symbol \T2Amath\CYRSCHWA on input line 222
.
LaTeX Font Info:    Redeclaring math symbol \T2Amath\cyrschwa on input line 223
.
LaTeX Font Info:    Redeclaring math symbol \T2Amath\CYRNJE on input line 224.
LaTeX Font Info:    Redeclaring math symbol \T2Amath\cyrnje on input line 225.
LaTeX Font Info:    Redeclaring math symbol \T2Amath\CYRYO on input line 226.
LaTeX Font Info:    Redeclaring math symbol \T2Amath\cyryo on input line 227.
LaTeX Font Info:    Redeclaring math symbol \T2Amath\CYRII on input line 228.
LaTeX Font Info:    Redeclaring math symbol \T2Amath\cyrii on input line 229.
LaTeX Font Info:    Redeclaring math symbol \T2Amath\CYRJE on input line 230.
LaTeX Font Info:    Redeclaring math symbol \T2Amath\cyrje on input line 231.
LaTeX Font Info:    Redeclaring math symbol \T2Amath\CYRQ on input line 232.
LaTeX Font Info:    Redeclaring math symbol \T2Amath\cyrq on input line 233.
LaTeX Font Info:    Redeclaring math symbol \T2Amath\CYRW on input line 234.
LaTeX Font Info:    Redeclaring math symbol \T2Amath\cyrw on input line 235.
)
LaTeX Font Info:    Try loading font information for T2A+cmr on input line 105.


(/usr/share/texlive/texmf-dist/tex/latex/cyrillic/t2acmr.fd
File: t2acmr.fd 2001/08/11 v1.0a Computer Modern Cyrillic font definitions
))
(/usr/share/texlive/texmf-dist/tex/latex/amsfonts/amssymb.sty
Package: amssymb 2013/01/14 v3.01 AMS font symbols

(/usr/share/texlive/texmf-dist/tex/latex/amsfonts/amsfonts.sty
Package: amsfonts 2013/01/14 v3.01 Basic AMSFonts support
\@emptytoks=\toks14
\symAMSa=\mathgroup5
\symAMSb=\mathgroup6
LaTeX Font Info:    Overwriting math alphabet `\mathfrak' in version `bold'
(Font)                  U/euf/m/n --> U/euf/b/n on input line 106.
))
(/usr/share/texlive/texmf-dist/tex/latex/amsmath/amsmath.sty
Package: amsmath 2018/12/01 v2.17b AMS math features
\@mathmargin=\skip43

For additional information on amsmath, use the `?' option.
(/usr/share/texlive/texmf-dist/tex/latex/amsmath/amstext.sty
Package: amstext 2000/06/29 v2.01 AMS text

(/usr/share/texlive/texmf-dist/tex/latex/amsmath/amsgen.sty
File: amsgen.sty 1999/11/30 v2.0 generic functions
\@emptytoks=\toks15
\ex@=\dimen104
))
(/usr/share/texlive/texmf-dist/tex/latex/amsmath/amsbsy.sty
Package: amsbsy 1999/11/29 v1.2d Bold Symbols
\pmbraise@=\dimen105
)
(/usr/share/texlive/texmf-dist/tex/latex/amsmath/amsopn.sty
Package: amsopn 2016/03/08 v2.02 operator names
)
\inf@bad=\count90
LaTeX Info: Redefining \frac on input line 223.
\uproot@=\count91
\leftroot@=\count92
LaTeX Info: Redefining \overline on input line 385.
\classnum@=\count93
\DOTSCASE@=\count94
LaTeX Info: Redefining \ldots on input line 482.
LaTeX Info: Redefining \dots on input line 485.
LaTeX Info: Redefining \cdots on input line 606.
\Mathstrutbox@=\box27
\strutbox@=\box28
\big@size=\dimen106
LaTeX Font Info:    Redeclaring font encoding OML on input line 729.
\symOMLletters=\mathgroup7
LaTeX Font Info:    Redeclaring font encoding OMS on input line 730.
\symOMSletters=\mathgroup8
\macc@depth=\count95
\c@MaxMatrixCols=\count96
\dotsspace@=\muskip10
\c@parentequation=\count97
\dspbrk@lvl=\count98
\tag@help=\toks16
\row@=\count99
\column@=\count100
\maxfields@=\count101
\andhelp@=\toks17
\eqnshift@=\dimen107
\alignsep@=\dimen108
\tagshift@=\dimen109
\tagwidth@=\dimen110
\totwidth@=\dimen111
\lineht@=\dimen112
\@envbody=\toks18
\multlinegap=\skip44
\multlinetaggap=\skip45
\mathdisplay@stack=\toks19
LaTeX Info: Redefining \[ on input line 2844.
LaTeX Info: Redefining \] on input line 2845.
)
(/usr/share/texlive/texmf-dist/tex/latex/base/inputenc.sty
Package: inputenc 2018/08/11 v1.3c Input encoding file
\inpenc@prehook=\toks20
\inpenc@posthook=\toks21
)
(/usr/share/texlive/texmf-dist/tex/latex/hyperref/hyperref.sty
Package: hyperref 2018/11/30 v6.88e Hypertext links for LaTeX

(/usr/share/texlive/texmf-dist/tex/generic/oberdiek/hobsub-hyperref.sty
Package: hobsub-hyperref 2016/05/16 v1.14 Bundle oberdiek, subset hyperref (HO)


(/usr/share/texlive/texmf-dist/tex/generic/oberdiek/hobsub-generic.sty
Package: hobsub-generic 2016/05/16 v1.14 Bundle oberdiek, subset generic (HO)
Package: hobsub 2016/05/16 v1.14 Construct package bundles (HO)
Package: infwarerr 2016/05/16 v1.4 Providing info/warning/error messages (HO)
Package: ltxcmds 2016/05/16 v1.23 LaTeX kernel commands for general use (HO)
Package: ifluatex 2016/05/16 v1.4 Provides the ifluatex switch (HO)
Package ifluatex Info: LuaTeX not detected.
Package: ifvtex 2016/05/16 v1.6 Detect VTeX and its facilities (HO)
Package ifvtex Info: VTeX not detected.
Package: intcalc 2016/05/16 v1.2 Expandable calculations with integers (HO)
Package: ifpdf 2018/09/07 v3.3 Provides the ifpdf switch
Package: etexcmds 2016/05/16 v1.6 Avoid name clashes with e-TeX commands (HO)
Package: kvsetkeys 2016/05/16 v1.17 Key value parser (HO)
Package: kvdefinekeys 2016/05/16 v1.4 Define keys (HO)
Package: pdftexcmds 2018/09/10 v0.29 Utility functions of pdfTeX for LuaTeX (HO
)
Package pdftexcmds Info: LuaTeX not detected.
Package pdftexcmds Info: \pdf@primitive is available.
Package pdftexcmds Info: \pdf@ifprimitive is available.
Package pdftexcmds Info: \pdfdraftmode found.
Package: pdfescape 2016/05/16 v1.14 Implements pdfTeX's escape features (HO)
Package: bigintcalc 2016/05/16 v1.4 Expandable calculations on big integers (HO
)
Package: bitset 2016/05/16 v1.2 Handle bit-vector datatype (HO)
Package: uniquecounter 2016/05/16 v1.3 Provide unlimited unique counter (HO)
)
Package hobsub Info: Skipping package `hobsub' (already loaded).
Package: letltxmacro 2016/05/16 v1.5 Let assignment for LaTeX macros (HO)
Package: hopatch 2016/05/16 v1.3 Wrapper for package hooks (HO)
Package: xcolor-patch 2016/05/16 xcolor patch
Package: atveryend 2016/05/16 v1.9 Hooks at the very end of document (HO)
Package atveryend Info: \enddocument detected (standard20110627).
Package: atbegshi 2016/06/09 v1.18 At begin shipout hook (HO)
Package: refcount 2016/05/16 v3.5 Data extraction from label references (HO)
Package: hycolor 2016/05/16 v1.8 Color options for hyperref/bookmark (HO)
)
(/usr/share/texlive/texmf-dist/tex/latex/graphics/keyval.sty
Package: keyval 2014/10/28 v1.15 key=value parser (DPC)
\KV@toks@=\toks22
)
(/usr/share/texlive/texmf-dist/tex/generic/ifxetex/ifxetex.sty
Package: ifxetex 2010/09/12 v0.6 Provides ifxetex conditional
)
(/usr/share/texlive/texmf-dist/tex/latex/oberdiek/auxhook.sty
Package: auxhook 2016/05/16 v1.4 Hooks for auxiliary files (HO)
)
(/usr/share/texlive/texmf-dist/tex/latex/oberdiek/kvoptions.sty
Package: kvoptions 2016/05/16 v3.12 Key value format for package options (HO)
)
\@linkdim=\dimen113
\Hy@linkcounter=\count102
\Hy@pagecounter=\count103

(/usr/share/texlive/texmf-dist/tex/latex/hyperref/pd1enc.def
File: pd1enc.def 2018/11/30 v6.88e Hyperref: PDFDocEncoding definition (HO)
Now handling font encoding PD1 ...
... no UTF-8 mapping file for font encoding PD1
\symPD1letters=\mathgroup9
)
\Hy@SavedSpaceFactor=\count104
Package hyperref Info: Option `unicode' set `true' on input line 3475.

(/usr/share/texlive/texmf-dist/tex/latex/hyperref/puenc.def
File: puenc.def 2018/11/30 v6.88e Hyperref: PDF Unicode definition (HO)
Now handling font encoding PU ...
... no UTF-8 mapping file for font encoding PU
\symPUletters=\mathgroup10
)
(/usr/share/texlive/texmf-dist/tex/latex/latexconfig/hyperref.cfg
File: hyperref.cfg 2002/06/06 v1.2 hyperref configuration of TeXLive
)
Package hyperref Info: Option `unicode' set `true' on input line 4393.
Package hyperref Info: Hyper figures OFF on input line 4519.
Package hyperref Info: Link nesting OFF on input line 4524.
Package hyperref Info: Hyper index ON on input line 4527.
Package hyperref Info: Plain pages OFF on input line 4534.
Package hyperref Info: Backreferencing OFF on input line 4539.
Package hyperref Info: Implicit mode ON; LaTeX internals redefined.
Package hyperref Info: Bookmarks ON on input line 4772.
\c@Hy@tempcnt=\count105

(/usr/share/texlive/texmf-dist/tex/latex/url/url.sty
\Urlmuskip=\muskip11
Package: url 2013/09/16  ver 3.4  Verb mode for urls, etc.
)
LaTeX Info: Redefining \url on input line 5125.
\XeTeXLinkMargin=\dimen114
\Fld@menulength=\count106
\Field@Width=\dimen115
\Fld@charsize=\dimen116
Package hyperref Info: Hyper figures OFF on input line 6380.
Package hyperref Info: Link nesting OFF on input line 6385.
Package hyperref Info: Hyper index ON on input line 6388.
Package hyperref Info: backreferencing OFF on input line 6395.
Package hyperref Info: Link coloring OFF on input line 6400.
Package hyperref Info: Link coloring with OCG OFF on input line 6405.
Package hyperref Info: PDF/A mode OFF on input line 6410.
LaTeX Info: Redefining \ref on input line 6450.
LaTeX Info: Redefining \pageref on input line 6454.
\Hy@abspage=\count107
\c@Item=\count108
\c@Hfootnote=\count109
)
Package hyperref Info: Driver: hpdftex.

(/usr/share/texlive/texmf-dist/tex/latex/hyperref/hpdftex.def
File: hpdftex.def 2018/11/30 v6.88e Hyperref driver for pdfTeX
\Fld@listcount=\count110
\c@bookmark@seq@number=\count111

(/usr/share/texlive/texmf-dist/tex/latex/oberdiek/rerunfilecheck.sty
Package: rerunfilecheck 2016/05/16 v1.8 Rerun checks for auxiliary files (HO)
Package uniquecounter Info: New unique counter `rerunfilecheck' on input line 2
82.
)
\Hy@SectionHShift=\skip46
)
(/usr/share/texlive/texmf-dist/tex/latex/xcolor/xcolor.sty
Package: xcolor 2016/05/11 v2.12 LaTeX color extensions (UK)

(/usr/share/texlive/texmf-dist/tex/latex/graphics-cfg/color.cfg
File: color.cfg 2016/01/02 v1.6 sample color configuration
)
Package xcolor Info: Driver file: pdftex.def on input line 225.

(/usr/share/texlive/texmf-dist/tex/latex/graphics-def/pdftex.def
File: pdftex.def 2018/01/08 v1.0l Graphics/color driver for pdftex
)
Package xcolor Info: Model `cmy' substituted by `cmy0' on input line 1348.
Package xcolor Info: Model `hsb' substituted by `rgb' on input line 1352.
Package xcolor Info: Model `RGB' extended on input line 1364.
Package xcolor Info: Model `HTML' substituted by `rgb' on input line 1366.
Package xcolor Info: Model `Hsb' substituted by `hsb' on input line 1367.
Package xcolor Info: Model `tHsb' substituted by `hsb' on input line 1368.
Package xcolor Info: Model `HSB' substituted by `hsb' on input line 1369.
Package xcolor Info: Model `Gray' substituted by `gray' on input line 1370.
Package xcolor Info: Model `wave' substituted by `hsb' on input line 1371.
)
(/usr/share/texlive/texmf-dist/tex/latex/titlesec/titlesec.sty
Package: titlesec 2016/03/21 v2.10.2 Sectioning titles
\ttl@box=\box29
\beforetitleunit=\skip47
\aftertitleunit=\skip48
\ttl@plus=\dimen117
\ttl@minus=\dimen118
\ttl@toksa=\toks23
\titlewidth=\dimen119
\titlewidthlast=\dimen120
\titlewidthfirst=\dimen121
)
(./features_to_extract.aux)
\openout1 = `features_to_extract.aux'.

LaTeX Font Info:    Checking defaults for OML/cmm/m/it on input line 20.
LaTeX Font Info:    ... okay on input line 20.
LaTeX Font Info:    Checking defaults for T1/cmr/m/n on input line 20.
LaTeX Font Info:    ... okay on input line 20.
LaTeX Font Info:    Checking defaults for OT1/cmr/m/n on input line 20.
LaTeX Font Info:    ... okay on input line 20.
LaTeX Font Info:    Checking defaults for OMS/cmsy/m/n on input line 20.
LaTeX Font Info:    ... okay on input line 20.
LaTeX Font Info:    Checking defaults for OMX/cmex/m/n on input line 20.
LaTeX Font Info:    ... okay on input line 20.
LaTeX Font Info:    Checking defaults for U/cmr/m/n on input line 20.
LaTeX Font Info:    ... okay on input line 20.
LaTeX Font Info:    Checking defaults for T2A/cmr/m/n on input line 20.
LaTeX Font Info:    ... okay on input line 20.
LaTeX Font Info:    Checking defaults for PD1/pdf/m/n on input line 20.
LaTeX Font Info:    ... okay on input line 20.
LaTeX Font Info:    Checking defaults for PU/pdf/m/n on input line 20.
LaTeX Font Info:    ... okay on input line 20.
\AtBeginShipoutBox=\box30
Package hyperref Info: Link coloring OFF on input line 20.

(/usr/share/texlive/texmf-dist/tex/latex/hyperref/nameref.sty
Package: nameref 2016/05/21 v2.44 Cross-referencing by name of section

(/usr/share/texlive/texmf-dist/tex/generic/oberdiek/gettitlestring.sty
Package: gettitlestring 2016/05/16 v1.5 Cleanup title references (HO)
)
\c@section@level=\count112
)
LaTeX Info: Redefining \ref on input line 20.
LaTeX Info: Redefining \pageref on input line 20.
LaTeX Info: Redefining \nameref on input line 20.

(./features_to_extract.out) (./features_to_extract.out)
\@outlinefile=\write3
\openout3 = `features_to_extract.out'.


(/usr/share/texlive/texmf-dist/tex/context/base/mkii/supp-pdf.mkii
[Loading MPS to PDF converter (version 2006.09.02).]
\scratchcounter=\count113
\scratchdimen=\dimen122
\scratchbox=\box31
\nofMPsegments=\count114
\nofMParguments=\count115
\everyMPshowfont=\toks24
\MPscratchCnt=\count116
\MPscratchDim=\dimen123
\MPnumerator=\count117
\makeMPintoPDFobject=\count118
\everyMPtoPDFconversion=\toks25
)
LaTeX Font Info:    Try loading font information for U+msa on input line 27.
 (/usr/share/texlive/texmf-dist/tex/latex/amsfonts/umsa.fd
File: umsa.fd 2013/01/14 v3.01 AMS symbols A
)
LaTeX Font Info:    Try loading font information for U+msb on input line 27.

(/usr/share/texlive/texmf-dist/tex/latex/amsfonts/umsb.fd
File: umsb.fd 2013/01/14 v3.01 AMS symbols B
)
LaTeX Font Info:    Try loading font information for OML+cmr on input line 27.

(/usr/share/texlive/texmf-dist/tex/latex/base/omlcmr.fd
File: omlcmr.fd 2014/09/29 v2.5h Standard LaTeX font definitions
)
LaTeX Font Info:    Font shape `OML/cmr/m/n' in size <12> not available
(Font)              Font shape `OML/cmm/m/it' tried instead on input line 27.
LaTeX Font Info:    Font shape `OML/cmr/m/n' in size <8> not available
(Font)              Font shape `OML/cmm/m/it' tried instead on input line 27.
LaTeX Font Info:    Font shape `OML/cmr/m/n' in size <6> not available
(Font)              Font shape `OML/cmm/m/it' tried instead on input line 27.
LaTeX Font Info:    Try loading font information for OMS+cmr on input line 27.

(/usr/share/texlive/texmf-dist/tex/latex/base/omscmr.fd
File: omscmr.fd 2014/09/29 v2.5h Standard LaTeX font definitions
)
LaTeX Font Info:    Font shape `OMS/cmr/m/n' in size <12> not available
(Font)              Font shape `OMS/cmsy/m/n' tried instead on input line 27.
LaTeX Font Info:    Font shape `OMS/cmr/m/n' in size <8> not available
(Font)              Font shape `OMS/cmsy/m/n' tried instead on input line 27.
LaTeX Font Info:    Font shape `OMS/cmr/m/n' in size <6> not available
(Font)              Font shape `OMS/cmsy/m/n' tried instead on input line 27.
LaTeX Font Info:    Try loading font information for PD1+cmr on input line 27.
LaTeX Font Info:    No file PD1cmr.fd. on input line 27.


LaTeX Font Warning: Font shape `PD1/cmr/m/n' undefined
(Font)              using `PD1/pdf/m/n' instead on input line 27.

LaTeX Font Info:    Try loading font information for PU+cmr on input line 27.
LaTeX Font Info:    No file PUcmr.fd. on input line 27.

LaTeX Font Warning: Font shape `PU/cmr/m/n' undefined
(Font)              using `PU/pdf/m/n' instead on input line 27.

[1

{/var/lib/texmf/fonts/map/pdftex/updmap/pdftex.map}]
Package atveryend Info: Empty hook `BeforeClearDocument' on input line 74.
 [2]
Package atveryend Info: Empty hook `AfterLastShipout' on input line 74.

(./features_to_extract.aux)
Package atveryend Info: Executing hook `AtVeryEndDocument' on input line 74.
Package atveryend Info: Executing hook `AtEndAfterFileList' on input line 74.
Package rerunfilecheck Info: File `features_to_extract.out' has not changed.
(rerunfilecheck)             Checksum: D41D8CD98F00B204E9800998ECF8427E;0.


LaTeX Font Warning: Some font shapes were not available, defaults substituted.

Package atveryend Info: Empty hook `AtVeryVeryEnd' on input line 74.
 ) 
Here is how much of TeX's memory you used:
 10868 strings out of 492615
 146123 string characters out of 6131390
 228105 words of memory out of 5000000
 14687 multiletter control sequences out of 15000+600000
 13230 words of font info for 40 fonts, out of 8000000 for 9000
 1141 hyphenation exceptions out of 8191
 28i,5n,35p,522b,481s stack positions out of 5000i,500n,10000p,200000b,80000s
{/usr/share/texmf/fonts/enc/dvips/cm-super/cm-super-t2a.enc}</usr/share/texli
ve/texmf-dist/fonts/type1/public/amsfonts/cm/cmmi12.pfb></usr/share/texlive/tex
mf-dist/fonts/type1/public/amsfonts/cm/cmmi8.pfb></usr/share/texlive/texmf-dist
/fonts/type1/public/amsfonts/cm/cmr8.pfb></usr/share/texlive/texmf-dist/fonts/t
ype1/public/amsfonts/cm/cmsy10.pfb></usr/share/texmf/fonts/type1/public/cm-supe
r/sfbx1200.pfb></usr/share/texmf/fonts/type1/public/cm-super/sfbx1440.pfb></usr
/share/texmf/fonts/type1/public/cm-super/sfrm1200.pfb>
Output written on features_to_extract.pdf (2 pages, 100871 bytes).
PDF statistics:
 47 PDF objects out of 1000 (max. 8388607)
 35 compressed objects within 1 object stream
 3 named destinations out of 1000 (max. 500000)
 1 words of extra memory for PDF output out of 10000 (max. 10000000)

